<?xml version="1.0" encoding="UTF-8"?>
<testsuite xmlns:xsi="http://www.w3.org/2001/XMLSchema-instance" xsi:noNamespaceSchemaLocation="https://maven.apache.org/surefire/maven-surefire-plugin/xsd/surefire-test-report.xsd" name="TransferTest" time="0.013" tests="7" errors="0" skipped="0" failures="0">
  <properties>
[...]
</properties>
  <testcase name="testCopy" classname="TransferTest" time="0"/>
  <testcase name="testToString" classname="TransferTest" time="0"/>
  <testcase name="testCalculate{double}[1]" classname="TransferTest" time="0.001"/>
  <testcase name="testCalculate{double}[2]" classname="TransferTest" time="0.001"/>
  <testcase name="testCalculate{double}[3]" classname="TransferTest" time="0.001"/>
  <testcase name="testEquals" classname="TransferTest" time="0.001"/>
  <testcase name="testConstructor" classname="TransferTest" time="0.001"/>
</testsuite>